<?xml version="1.0" encoding="UTF-8"?>
<testng-results skipped="0" failed="0" total="7" passed="7">
  <reporter-output>
  </reporter-output>
  <suite name="MailSuite" duration-ms="332157" started-at="2015-06-14T13:26:00Z" finished-at="2015-06-14T13:31:33Z">
    <groups>
    </groups>
    <test name="mails" duration-ms="332157" started-at="2015-06-14T13:26:00Z" finished-at="2015-06-14T13:31:33Z">
      <class name="tests.FilterTest">
        <test-method status="PASS" signature="setupBeforeSuite()[pri:0, instance:tests.FilterTest@3ee2e85d]" name="setupBeforeSuite" is-config="true" duration-ms="34" started-at="2015-06-14T16:27:11Z" finished-at="2015-06-14T16:27:11Z">
          <reporter-output>
          </reporter-output>
        </test-method> <!-- setupBeforeSuite -->
        <test-method status="PASS" signature="setUpConfiguration()[pri:0, instance:tests.FilterTest@3ee2e85d]" name="setUpConfiguration" is-config="true" duration-ms="1" started-at="2015-06-14T16:27:11Z" depends-on-methods="base.BaseTest.setupBeforeSuite" finished-at="2015-06-14T16:27:11Z">
          <reporter-output>
          </reporter-output>
        </test-method> <!-- setUpConfiguration -->
        <test-method status="PASS" signature="checkSortByWeightAdjustment()[pri:0, instance:tests.FilterTest@3ee2e85d]" name="checkSortByWeightAdjustment" duration-ms="38030" started-at="2015-06-14T16:27:11Z" finished-at="2015-06-14T16:27:49Z">
          <reporter-output>
          </reporter-output>
        </test-method> <!-- checkSortByWeightAdjustment -->
        <test-method status="PASS" signature="goBack()[pri:0, instance:tests.FilterTest@3ee2e85d]" name="goBack" is-config="true" duration-ms="28" started-at="2015-06-14T16:27:49Z" finished-at="2015-06-14T16:27:49Z">
          <reporter-output>
          </reporter-output>
        </test-method> <!-- goBack -->
        <test-method status="PASS" signature="setupBeforeSuite()[pri:0, instance:tests.FilterTest@3ee2e85d]" name="setupBeforeSuite" is-config="true" duration-ms="46" started-at="2015-06-14T16:27:49Z" finished-at="2015-06-14T16:27:49Z">
          <reporter-output>
          </reporter-output>
        </test-method> <!-- setupBeforeSuite -->
        <test-method status="PASS" signature="setUpConfiguration()[pri:0, instance:tests.FilterTest@3ee2e85d]" name="setUpConfiguration" is-config="true" duration-ms="1" started-at="2015-06-14T16:27:49Z" depends-on-methods="base.BaseTest.setupBeforeSuite" finished-at="2015-06-14T16:27:49Z">
          <reporter-output>
          </reporter-output>
        </test-method> <!-- setUpConfiguration -->
        <test-method status="PASS" signature="checkSortByBrand()[pri:0, instance:tests.FilterTest@3ee2e85d]" name="checkSortByBrand" duration-ms="21844" started-at="2015-06-14T16:27:49Z" depends-on-methods="tests.FilterTest.checkSortByWeightAdjustment" finished-at="2015-06-14T16:28:11Z">
          <reporter-output>
          </reporter-output>
        </test-method> <!-- checkSortByBrand -->
        <test-method status="PASS" signature="goBack()[pri:0, instance:tests.FilterTest@3ee2e85d]" name="goBack" is-config="true" duration-ms="27" started-at="2015-06-14T16:28:11Z" finished-at="2015-06-14T16:28:11Z">
          <reporter-output>
          </reporter-output>
        </test-method> <!-- goBack -->
        <test-method status="PASS" signature="setupBeforeSuite()[pri:0, instance:tests.FilterTest@3ee2e85d]" name="setupBeforeSuite" is-config="true" duration-ms="48" started-at="2015-06-14T16:28:11Z" finished-at="2015-06-14T16:28:11Z">
          <reporter-output>
          </reporter-output>
        </test-method> <!-- setupBeforeSuite -->
        <test-method status="PASS" signature="setUpConfiguration()[pri:0, instance:tests.FilterTest@3ee2e85d]" name="setUpConfiguration" is-config="true" duration-ms="2" started-at="2015-06-14T16:28:11Z" depends-on-methods="base.BaseTest.setupBeforeSuite" finished-at="2015-06-14T16:28:11Z">
          <reporter-output>
          </reporter-output>
        </test-method> <!-- setUpConfiguration -->
        <test-method status="PASS" signature="checkSortByPrice()[pri:0, instance:tests.FilterTest@3ee2e85d]" name="checkSortByPrice" duration-ms="201145" started-at="2015-06-14T16:28:11Z" depends-on-methods="tests.FilterTest.checkSortByBrand" finished-at="2015-06-14T16:31:32Z">
          <reporter-output>
          </reporter-output>
        </test-method> <!-- checkSortByPrice -->
        <test-method status="PASS" signature="goBack()[pri:0, instance:tests.FilterTest@3ee2e85d]" name="goBack" is-config="true" duration-ms="70" started-at="2015-06-14T16:31:32Z" finished-at="2015-06-14T16:31:33Z">
          <reporter-output>
          </reporter-output>
        </test-method> <!-- goBack -->
      </class> <!-- tests.FilterTest -->
      <class name="tests.ComparativeTest">
        <test-method status="PASS" signature="setupBeforeSuite()[pri:0, instance:tests.ComparativeTest@52999371]" name="setupBeforeSuite" is-config="true" duration-ms="1267" started-at="2015-06-14T16:26:23Z" finished-at="2015-06-14T16:26:24Z">
          <reporter-output>
          </reporter-output>
        </test-method> <!-- setupBeforeSuite -->
        <test-method status="PASS" signature="setUpConfiguration()[pri:0, instance:tests.ComparativeTest@52999371]" name="setUpConfiguration" is-config="true" duration-ms="6562" started-at="2015-06-14T16:26:24Z" depends-on-methods="base.BaseTest.setupBeforeSuite" finished-at="2015-06-14T16:26:30Z">
          <reporter-output>
          </reporter-output>
        </test-method> <!-- setUpConfiguration -->
        <test-method status="PASS" signature="checkSortByPrice()[pri:0, instance:tests.ComparativeTest@52999371]" name="checkSortByPrice" duration-ms="25246" started-at="2015-06-14T16:26:30Z" finished-at="2015-06-14T16:26:56Z">
          <reporter-output>
          </reporter-output>
        </test-method> <!-- checkSortByPrice -->
        <test-method status="PASS" signature="goBack()[pri:0, instance:tests.ComparativeTest@52999371]" name="goBack" is-config="true" duration-ms="3352" started-at="2015-06-14T16:26:56Z" finished-at="2015-06-14T16:26:59Z">
          <reporter-output>
          </reporter-output>
        </test-method> <!-- goBack -->
      </class> <!-- tests.ComparativeTest -->
      <class name="tests.SortTest">
        <test-method status="PASS" signature="setupBeforeSuite()[pri:0, instance:tests.SortTest@560973d9]" name="setupBeforeSuite" is-config="true" duration-ms="3694" started-at="2015-06-14T16:26:00Z" finished-at="2015-06-14T16:26:04Z">
          <reporter-output>
          </reporter-output>
        </test-method> <!-- setupBeforeSuite -->
        <test-method status="PASS" signature="setUpConfiguration()[pri:0, instance:tests.SortTest@560973d9]" name="setUpConfiguration" is-config="true" duration-ms="4026" started-at="2015-06-14T16:26:04Z" depends-on-methods="base.BaseTest.setupBeforeSuite" finished-at="2015-06-14T16:26:08Z">
          <reporter-output>
          </reporter-output>
        </test-method> <!-- setUpConfiguration -->
        <test-method status="PASS" signature="checkSortByPrice()[pri:0, instance:tests.SortTest@560973d9]" name="checkSortByPrice" duration-ms="6297" started-at="2015-06-14T16:26:08Z" finished-at="2015-06-14T16:26:14Z">
          <reporter-output>
          </reporter-output>
        </test-method> <!-- checkSortByPrice -->
        <test-method status="PASS" signature="goBack()[pri:0, instance:tests.SortTest@560973d9]" name="goBack" is-config="true" duration-ms="0" started-at="2015-06-14T16:26:14Z" finished-at="2015-06-14T16:26:14Z">
          <reporter-output>
          </reporter-output>
        </test-method> <!-- goBack -->
        <test-method status="PASS" signature="setupBeforeSuite()[pri:0, instance:tests.SortTest@560973d9]" name="setupBeforeSuite" is-config="true" duration-ms="1397" started-at="2015-06-14T16:26:14Z" finished-at="2015-06-14T16:26:16Z">
          <reporter-output>
          </reporter-output>
        </test-method> <!-- setupBeforeSuite -->
        <test-method status="PASS" signature="setUpConfiguration()[pri:0, instance:tests.SortTest@560973d9]" name="setUpConfiguration" is-config="true" duration-ms="1252" started-at="2015-06-14T16:26:16Z" depends-on-methods="base.BaseTest.setupBeforeSuite" finished-at="2015-06-14T16:26:17Z">
          <reporter-output>
          </reporter-output>
        </test-method> <!-- setUpConfiguration -->
        <test-method status="PASS" signature="checkSortByGoodsName()[pri:0, instance:tests.SortTest@560973d9]" name="checkSortByGoodsName" duration-ms="5492" started-at="2015-06-14T16:26:17Z" finished-at="2015-06-14T16:26:23Z">
          <reporter-output>
          </reporter-output>
        </test-method> <!-- checkSortByGoodsName -->
        <test-method status="PASS" signature="goBack()[pri:0, instance:tests.SortTest@560973d9]" name="goBack" is-config="true" duration-ms="0" started-at="2015-06-14T16:26:23Z" finished-at="2015-06-14T16:26:23Z">
          <reporter-output>
          </reporter-output>
        </test-method> <!-- goBack -->
        <test-method status="PASS" signature="tearDown()[pri:0, instance:tests.SortTest@560973d9]" name="tearDown" is-config="true" duration-ms="22167" started-at="2015-06-14T16:31:33Z" finished-at="2015-06-14T16:31:55Z">
          <reporter-output>
          </reporter-output>
        </test-method> <!-- tearDown -->
      </class> <!-- tests.SortTest -->
      <class name="tests.ConcurrenceTest">
        <test-method status="PASS" signature="setupBeforeSuite()[pri:0, instance:tests.ConcurrenceTest@376e9c79]" name="setupBeforeSuite" is-config="true" duration-ms="68" started-at="2015-06-14T16:26:59Z" finished-at="2015-06-14T16:26:59Z">
          <reporter-output>
          </reporter-output>
        </test-method> <!-- setupBeforeSuite -->
        <test-method status="PASS" signature="setUpConfiguration()[pri:0, instance:tests.ConcurrenceTest@376e9c79]" name="setUpConfiguration" is-config="true" duration-ms="5438" started-at="2015-06-14T16:26:59Z" depends-on-methods="base.BaseTest.setupBeforeSuite" finished-at="2015-06-14T16:27:05Z">
          <reporter-output>
          </reporter-output>
        </test-method> <!-- setUpConfiguration -->
        <test-method status="PASS" signature="checkSortByPrice()[pri:0, instance:tests.ConcurrenceTest@376e9c79]" name="checkSortByPrice" duration-ms="6544" started-at="2015-06-14T16:27:05Z" finished-at="2015-06-14T16:27:11Z">
          <reporter-output>
          </reporter-output>
        </test-method> <!-- checkSortByPrice -->
        <test-method status="PASS" signature="goBack()[pri:0, instance:tests.ConcurrenceTest@376e9c79]" name="goBack" is-config="true" duration-ms="175" started-at="2015-06-14T16:27:11Z" finished-at="2015-06-14T16:27:11Z">
          <reporter-output>
          </reporter-output>
        </test-method> <!-- goBack -->
      </class> <!-- tests.ConcurrenceTest -->
    </test> <!-- mails -->
  </suite> <!-- MailSuite -->
</testng-results>
