<?xml version="1.0" encoding="UTF-8"?>
<testsuite name="TestSuite" time="304.6" tests="7" errors="0" skipped="0" failures="0">
  <properties>
[...]
</properties>
  <testcase name="checkSortByPrice" classname="tests.SortTest" time="6.297"/>
  <testcase name="checkSortByGoodsName" classname="tests.SortTest" time="5.492"/>
  <testcase name="checkSortByPrice" classname="tests.ComparativeTest" time="25.248"/>
  <testcase name="checkSortByPrice" classname="tests.ConcurrenceTest" time="6.544"/>
  <testcase name="checkSortByWeightAdjustment" classname="tests.FilterTest" time="38.03"/>
  <testcase name="checkSortByBrand" classname="tests.FilterTest" time="21.843"/>
  <testcase name="checkSortByPrice" classname="tests.FilterTest" time="201.146"/>
</testsuite>