<?xml version="1.0" encoding="UTF-8"?>
<!-- Generated by org.testng.reporters.JUnitXMLReporter -->
<testsuite hostname="EPUAKHAW0725" name="gmail" tests="4" failures="0" timestamp="23 Jun 2015 08:13:53 GMT" time="314.471" errors="0">
  <testcase name="checkThatTheLetterAddingToStarredFolderAfterMovingIt" time="35.233" classname="tests.TestsForGMail"/>
  <testcase name="checkThatTheLetterCanBeSendWithFile" time="48.639" classname="tests.TestsForGMail"/>
  <testcase name="checkThatTheLetterSentToTheSpamFolder" time="69.386" classname="tests.TestsForGMail"/>
  <testcase name="checkThatTheThemeSettingUp" time="17.179" classname="tests.TestsForGMail"/>
</testsuite> <!-- gmail -->
