<?xml version="1.0" encoding="UTF-8"?>
<!-- Generated by org.testng.reporters.JUnitXMLReporter -->
<testsuite hostname="Larana" name="mails" tests="7" failures="0" timestamp="14 Jun 2015 13:31:33 GMT" time="332.157" errors="0">
  <testcase name="checkSortByPrice" time="6.297" classname="tests.SortTest"/>
  <testcase name="checkSortByGoodsName" time="5.492" classname="tests.SortTest"/>
  <testcase name="checkSortByPrice" time="25.246" classname="tests.ComparativeTest"/>
  <testcase name="checkSortByPrice" time="6.544" classname="tests.ConcurrenceTest"/>
  <testcase name="checkSortByWeightAdjustment" time="38.03" classname="tests.FilterTest"/>
  <testcase name="checkSortByBrand" time="21.844" classname="tests.FilterTest"/>
  <testcase name="checkSortByPrice" time="201.145" classname="tests.FilterTest"/>
</testsuite> <!-- mails -->
